Determining if the pthread_create exist failed with the following output:
Change Dir: /workspaces/workshop2/build/CMakeFiles/CMakeTmp

Run Build Command:"/usr/bin/make" "cmTC_aa9fb/fast"
make: Warning: File 'Makefile' has modification time 0.81 s in the future
/usr/bin/make -f CMakeFiles/cmTC_aa9fb.dir/build.make CMakeFiles/cmTC_aa9fb.dir/build
make[1]: Entering directory '/workspaces/workshop2/build/CMakeFiles/CMakeTmp'
make[1]: Warning: File 'CMakeFiles/cmTC_aa9fb.dir/flags.make' has modification time 0.79 s in the future
Building C object CMakeFiles/cmTC_aa9fb.dir/CheckSymbolExists.c.o
/usr/bin/cc    -o CMakeFiles/cmTC_aa9fb.dir/CheckSymbolExists.c.o   -c /workspaces/workshop2/build/CMakeFiles/CMakeTmp/CheckSymbolExists.c
Linking C executable cmTC_aa9fb
/usr/bin/cmake -E cmake_link_script CMakeFiles/cmTC_aa9fb.dir/link.txt --verbose=1
/usr/bin/cc      -rdynamic CMakeFiles/cmTC_aa9fb.dir/CheckSymbolExists.c.o  -o cmTC_aa9fb 
CMakeFiles/cmTC_aa9fb.dir/CheckSymbolExists.c.o: In function `main':
CheckSymbolExists.c:(.text+0x1b): undefined reference to `pthread_create'
collect2: error: ld returned 1 exit status
CMakeFiles/cmTC_aa9fb.dir/build.make:97: recipe for target 'cmTC_aa9fb' failed
make[1]: *** [cmTC_aa9fb] Error 1
make[1]: Leaving directory '/workspaces/workshop2/build/CMakeFiles/CMakeTmp'
Makefile:126: recipe for target 'cmTC_aa9fb/fast' failed
make: *** [cmTC_aa9fb/fast] Error 2

File /workspaces/workshop2/build/CMakeFiles/CMakeTmp/CheckSymbolExists.c:
/* */
#include <pthread.h>

int main(int argc, char** argv)
{
  (void)argv;
#ifndef pthread_create
  return ((int*)(&pthread_create))[argc];
#else
  (void)argc;
  return 0;
#endif
}

Determining if the function pthread_create exists in the pthreads failed with the following output:
Change Dir: /workspaces/workshop2/build/CMakeFiles/CMakeTmp

Run Build Command:"/usr/bin/make" "cmTC_e7fec/fast"
make: Warning: File 'Makefile' has modification time 0.83 s in the future
/usr/bin/make -f CMakeFiles/cmTC_e7fec.dir/build.make CMakeFiles/cmTC_e7fec.dir/build
make[1]: Entering directory '/workspaces/workshop2/build/CMakeFiles/CMakeTmp'
make[1]: Warning: File 'CMakeFiles/cmTC_e7fec.dir/flags.make' has modification time 0.81 s in the future
Building C object CMakeFiles/cmTC_e7fec.dir/CheckFunctionExists.c.o
/usr/bin/cc   -DCHECK_FUNCTION_EXISTS=pthread_create   -o CMakeFiles/cmTC_e7fec.dir/CheckFunctionExists.c.o   -c /usr/share/cmake-3.10/Modules/CheckFunctionExists.c
Linking C executable cmTC_e7fec
/usr/bin/cmake -E cmake_link_script CMakeFiles/cmTC_e7fec.dir/link.txt --verbose=1
/usr/bin/cc  -DCHECK_FUNCTION_EXISTS=pthread_create    -rdynamic CMakeFiles/cmTC_e7fec.dir/CheckFunctionExists.c.o  -o cmTC_e7fec -lpthreads 
/usr/bin/ld: cannot find -lpthreads
collect2: error: ld returned 1 exit status
CMakeFiles/cmTC_e7fec.dir/build.make:97: recipe for target 'cmTC_e7fec' failed
make[1]: *** [cmTC_e7fec] Error 1
make[1]: Leaving directory '/workspaces/workshop2/build/CMakeFiles/CMakeTmp'
Makefile:126: recipe for target 'cmTC_e7fec/fast' failed
make: *** [cmTC_e7fec/fast] Error 2


